<?xml version="1.0" encoding="UTF-8"?>
<!-- Generated by org.testng.reporters.JUnitReportReporter -->
<testsuite hostname="Anish-PC" failures="0" tests="1" name="com.dsalgoportal.testrunner.TestNGTestRunner" time="7.350" errors="0" timestamp="2023-08-18T15:01:03 CDT" skipped="0">
  <testcase classname="com.dsalgoportal.testrunner.TestNGTestRunner" name="runScenario" time="7.350"/>
</testsuite> <!-- com.dsalgoportal.testrunner.TestNGTestRunner -->
